[debug] [2023-01-16T00:04:38.885Z] ----------------------------------------------------------------------
[debug] [2023-01-16T00:04:38.886Z] Command:       C:\Program Files\nodejs\node.exe C:\Users\paddy\AppData\Roaming\npm\node_modules\firebase-tools\lib\bin\firebase.js deploy
[debug] [2023-01-16T00:04:38.887Z] CLI Version:   11.18.0
[debug] [2023-01-16T00:04:38.887Z] Platform:      win32
[debug] [2023-01-16T00:04:38.887Z] Node Version:  v18.13.0
[debug] [2023-01-16T00:04:38.887Z] Time:          Mon Jan 16 2023 00:04:38 GMT+0000 (Greenwich Mean Time)
[debug] [2023-01-16T00:04:38.888Z] ----------------------------------------------------------------------
[debug] 
[debug] [2023-01-16T00:04:38.890Z] >>> [apiv2][query] GET https://firebase-public.firebaseio.com/cli.json [none]
[debug] [2023-01-16T00:04:38.957Z] > command requires scopes: ["email","openid","https://www.googleapis.com/auth/cloudplatformprojects.readonly","https://www.googleapis.com/auth/firebase","https://www.googleapis.com/auth/cloud-platform"]
[debug] [2023-01-16T00:04:38.957Z] > authorizing via signed-in user (shamrockstakepool@gmail.com)
[debug] [2023-01-16T00:04:38.957Z] [iam] checking project wmexplorerbd for permissions ["firebase.projects.get","firebasehosting.sites.update"]
[debug] [2023-01-16T00:04:38.958Z] > refreshing access token with scopes: []
[debug] [2023-01-16T00:04:38.959Z] >>> [apiv2][query] POST https://www.googleapis.com/oauth2/v3/token [none]
[debug] [2023-01-16T00:04:38.959Z] >>> [apiv2][body] POST https://www.googleapis.com/oauth2/v3/token [omitted]
[debug] [2023-01-16T00:04:39.114Z] <<< [apiv2][status] POST https://www.googleapis.com/oauth2/v3/token 200
[debug] [2023-01-16T00:04:39.115Z] <<< [apiv2][body] POST https://www.googleapis.com/oauth2/v3/token [omitted]
[debug] [2023-01-16T00:04:39.119Z] >>> [apiv2][query] POST https://cloudresourcemanager.googleapis.com/v1/projects/wmexplorerbd:testIamPermissions [none]
[debug] [2023-01-16T00:04:39.120Z] >>> [apiv2][(partial)header] POST https://cloudresourcemanager.googleapis.com/v1/projects/wmexplorerbd:testIamPermissions x-goog-quota-user=projects/wmexplorerbd
[debug] [2023-01-16T00:04:39.120Z] >>> [apiv2][body] POST https://cloudresourcemanager.googleapis.com/v1/projects/wmexplorerbd:testIamPermissions {"permissions":["firebase.projects.get","firebasehosting.sites.update"]}
[debug] [2023-01-16T00:04:39.246Z] <<< [apiv2][status] GET https://firebase-public.firebaseio.com/cli.json 200
[debug] [2023-01-16T00:04:39.246Z] <<< [apiv2][body] GET https://firebase-public.firebaseio.com/cli.json {"cloudBuildErrorAfter":1594252800000,"cloudBuildWarnAfter":1590019200000,"defaultNode10After":1594252800000,"minVersion":"3.0.5","node8DeploysDisabledAfter":1613390400000,"node8RuntimeDisabledAfter":1615809600000,"node8WarnAfter":1600128000000}
[debug] [2023-01-16T00:04:39.889Z] <<< [apiv2][status] POST https://cloudresourcemanager.googleapis.com/v1/projects/wmexplorerbd:testIamPermissions 200
[debug] [2023-01-16T00:04:39.889Z] <<< [apiv2][body] POST https://cloudresourcemanager.googleapis.com/v1/projects/wmexplorerbd:testIamPermissions {"permissions":["firebase.projects.get","firebasehosting.sites.update"]}
[debug] [2023-01-16T00:04:39.890Z] >>> [apiv2][query] GET https://firebase.googleapis.com/v1beta1/projects/wmexplorerbd [none]
[debug] [2023-01-16T00:04:40.211Z] <<< [apiv2][status] GET https://firebase.googleapis.com/v1beta1/projects/wmexplorerbd 200
[debug] [2023-01-16T00:04:40.211Z] <<< [apiv2][body] GET https://firebase.googleapis.com/v1beta1/projects/wmexplorerbd {"projectId":"wmexplorerbd","projectNumber":"640232925620","displayName":"wmexplorerbd","name":"projects/wmexplorerbd","resources":{"hostingSite":"wmexplorerbd"},"state":"ACTIVE","etag":"1_50ce762e-cb64-45dd-96ca-ceffb498765b"}
[debug] [2023-01-16T00:04:55.789Z] Error: EPERM: operation not permitted, open 'C:\Users\paddy\OneDrive\Documents\big-dipper-2.0-cosmos\.next\trace'
[error] 
[error] Error: An unexpected error has occurred.
